<?xml version="1.0" encoding="UTF-8"?>
<testsuite xmlns:xsi="http://www.w3.org/2001/XMLSchema-instance" xsi:noNamespaceSchemaLocation="https://maven.apache.org/surefire/maven-surefire-plugin/xsd/surefire-test-report.xsd" version="3.0.2" name="com.eazybytes.loans.LoansApplicationTests" time="75.305" tests="1" errors="0" skipped="0" failures="0">
  <properties>
    <property name="java.specification.version" value="23"/>
    <property name="sun.cpu.isalist" value="amd64"/>
    <property name="sun.jnu.encoding" value="Cp1252"/>
    <property name="java.class.path" value="D:\Intellij_Projects\Microservices\section2\loans\target\test-classes;D:\Intellij_Projects\Microservices\section2\loans\target\classes;C:\Users\guest1\.m2\repository\org\springframework\boot\spring-boot-starter-actuator\3.4.2\spring-boot-starter-actuator-3.4.2.jar;C:\Users\guest1\.m2\repository\org\springframework\boot\spring-boot-starter\3.4.2\spring-boot-starter-3.4.2.jar;C:\Users\guest1\.m2\repository\org\springframework\boot\spring-boot-starter-logging\3.4.2\spring-boot-starter-logging-3.4.2.jar;C:\Users\guest1\.m2\repository\ch\qos\logback\logback-classic\1.5.16\logback-classic-1.5.16.jar;C:\Users\guest1\.m2\repository\ch\qos\logback\logback-core\1.5.16\logback-core-1.5.16.jar;C:\Users\guest1\.m2\repository\org\apache\logging\log4j\log4j-to-slf4j\2.24.3\log4j-to-slf4j-2.24.3.jar;C:\Users\guest1\.m2\repository\org\apache\logging\log4j\log4j-api\2.24.3\log4j-api-2.24.3.jar;C:\Users\guest1\.m2\repository\org\slf4j\jul-to-slf4j\2.0.16\jul-to-slf4j-2.0.16.jar;C:\Users\guest1\.m2\repository\jakarta\annotation\jakarta.annotation-api\2.1.1\jakarta.annotation-api-2.1.1.jar;C:\Users\guest1\.m2\repository\org\yaml\snakeyaml\2.3\snakeyaml-2.3.jar;C:\Users\guest1\.m2\repository\org\springframework\boot\spring-boot-actuator-autoconfigure\3.4.2\spring-boot-actuator-autoconfigure-3.4.2.jar;C:\Users\guest1\.m2\repository\org\springframework\boot\spring-boot-actuator\3.4.2\spring-boot-actuator-3.4.2.jar;C:\Users\guest1\.m2\repository\com\fasterxml\jackson\datatype\jackson-datatype-jsr310\2.18.2\jackson-datatype-jsr310-2.18.2.jar;C:\Users\guest1\.m2\repository\io\micrometer\micrometer-observation\1.14.3\micrometer-observation-1.14.3.jar;C:\Users\guest1\.m2\repository\io\micrometer\micrometer-commons\1.14.3\micrometer-commons-1.14.3.jar;C:\Users\guest1\.m2\repository\io\micrometer\micrometer-jakarta9\1.14.3\micrometer-jakarta9-1.14.3.jar;C:\Users\guest1\.m2\repository\io\micrometer\micrometer-core\1.14.3\micrometer-core-1.14.3.jar;C:\Users\guest1\.m2\repository\org\hdrhistogram\HdrHistogram\2.2.2\HdrHistogram-2.2.2.jar;C:\Users\guest1\.m2\repository\org\latencyutils\LatencyUtils\2.0.3\LatencyUtils-2.0.3.jar;C:\Users\guest1\.m2\repository\org\springframework\boot\spring-boot-starter-data-jpa\3.4.2\spring-boot-starter-data-jpa-3.4.2.jar;C:\Users\guest1\.m2\repository\org\springframework\boot\spring-boot-starter-jdbc\3.4.2\spring-boot-starter-jdbc-3.4.2.jar;C:\Users\guest1\.m2\repository\com\zaxxer\HikariCP\5.1.0\HikariCP-5.1.0.jar;C:\Users\guest1\.m2\repository\org\springframework\spring-jdbc\6.2.2\spring-jdbc-6.2.2.jar;C:\Users\guest1\.m2\repository\org\hibernate\orm\hibernate-core\6.6.5.Final\hibernate-core-6.6.5.Final.jar;C:\Users\guest1\.m2\repository\jakarta\persistence\jakarta.persistence-api\3.1.0\jakarta.persistence-api-3.1.0.jar;C:\Users\guest1\.m2\repository\jakarta\transaction\jakarta.transaction-api\2.0.1\jakarta.transaction-api-2.0.1.jar;C:\Users\guest1\.m2\repository\org\jboss\logging\jboss-logging\3.6.1.Final\jboss-logging-3.6.1.Final.jar;C:\Users\guest1\.m2\repository\org\hibernate\common\hibernate-commons-annotations\7.0.3.Final\hibernate-commons-annotations-7.0.3.Final.jar;C:\Users\guest1\.m2\repository\io\smallrye\jandex\3.2.0\jandex-3.2.0.jar;C:\Users\guest1\.m2\repository\com\fasterxml\classmate\1.7.0\classmate-1.7.0.jar;C:\Users\guest1\.m2\repository\net\bytebuddy\byte-buddy\1.15.11\byte-buddy-1.15.11.jar;C:\Users\guest1\.m2\repository\org\glassfish\jaxb\jaxb-runtime\4.0.5\jaxb-runtime-4.0.5.jar;C:\Users\guest1\.m2\repository\org\glassfish\jaxb\jaxb-core\4.0.5\jaxb-core-4.0.5.jar;C:\Users\guest1\.m2\repository\org\eclipse\angus\angus-activation\2.0.2\angus-activation-2.0.2.jar;C:\Users\guest1\.m2\repository\org\glassfish\jaxb\txw2\4.0.5\txw2-4.0.5.jar;C:\Users\guest1\.m2\repository\com\sun\istack\istack-commons-runtime\4.1.2\istack-commons-runtime-4.1.2.jar;C:\Users\guest1\.m2\repository\jakarta\inject\jakarta.inject-api\2.0.1\jakarta.inject-api-2.0.1.jar;C:\Users\guest1\.m2\repository\org\antlr\antlr4-runtime\4.13.0\antlr4-runtime-4.13.0.jar;C:\Users\guest1\.m2\repository\org\springframework\data\spring-data-jpa\3.4.2\spring-data-jpa-3.4.2.jar;C:\Users\guest1\.m2\repository\org\springframework\data\spring-data-commons\3.4.2\spring-data-commons-3.4.2.jar;C:\Users\guest1\.m2\repository\org\springframework\spring-orm\6.2.2\spring-orm-6.2.2.jar;C:\Users\guest1\.m2\repository\org\springframework\spring-context\6.2.2\spring-context-6.2.2.jar;C:\Users\guest1\.m2\repository\org\springframework\spring-aop\6.2.2\spring-aop-6.2.2.jar;C:\Users\guest1\.m2\repository\org\springframework\spring-tx\6.2.2\spring-tx-6.2.2.jar;C:\Users\guest1\.m2\repository\org\springframework\spring-beans\6.2.2\spring-beans-6.2.2.jar;C:\Users\guest1\.m2\repository\org\slf4j\slf4j-api\2.0.16\slf4j-api-2.0.16.jar;C:\Users\guest1\.m2\repository\org\springframework\spring-aspects\6.2.2\spring-aspects-6.2.2.jar;C:\Users\guest1\.m2\repository\org\aspectj\aspectjweaver\1.9.22.1\aspectjweaver-1.9.22.1.jar;C:\Users\guest1\.m2\repository\org\springframework\boot\spring-boot-starter-validation\3.4.2\spring-boot-starter-validation-3.4.2.jar;C:\Users\guest1\.m2\repository\org\apache\tomcat\embed\tomcat-embed-el\10.1.34\tomcat-embed-el-10.1.34.jar;C:\Users\guest1\.m2\repository\org\hibernate\validator\hibernate-validator\8.0.2.Final\hibernate-validator-8.0.2.Final.jar;C:\Users\guest1\.m2\repository\jakarta\validation\jakarta.validation-api\3.0.2\jakarta.validation-api-3.0.2.jar;C:\Users\guest1\.m2\repository\org\springframework\boot\spring-boot-starter-web\3.4.2\spring-boot-starter-web-3.4.2.jar;C:\Users\guest1\.m2\repository\org\springframework\boot\spring-boot-starter-json\3.4.2\spring-boot-starter-json-3.4.2.jar;C:\Users\guest1\.m2\repository\com\fasterxml\jackson\datatype\jackson-datatype-jdk8\2.18.2\jackson-datatype-jdk8-2.18.2.jar;C:\Users\guest1\.m2\repository\com\fasterxml\jackson\module\jackson-module-parameter-names\2.18.2\jackson-module-parameter-names-2.18.2.jar;C:\Users\guest1\.m2\repository\org\springframework\boot\spring-boot-starter-tomcat\3.4.2\spring-boot-starter-tomcat-3.4.2.jar;C:\Users\guest1\.m2\repository\org\apache\tomcat\embed\tomcat-embed-core\10.1.34\tomcat-embed-core-10.1.34.jar;C:\Users\guest1\.m2\repository\org\apache\tomcat\embed\tomcat-embed-websocket\10.1.34\tomcat-embed-websocket-10.1.34.jar;C:\Users\guest1\.m2\repository\org\springframework\spring-web\6.2.2\spring-web-6.2.2.jar;C:\Users\guest1\.m2\repository\org\springframework\spring-webmvc\6.2.2\spring-webmvc-6.2.2.jar;C:\Users\guest1\.m2\repository\org\springframework\spring-expression\6.2.2\spring-expression-6.2.2.jar;C:\Users\guest1\.m2\repository\org\springframework\cloud\spring-cloud-starter-config\4.2.0\spring-cloud-starter-config-4.2.0.jar;C:\Users\guest1\.m2\repository\org\springframework\cloud\spring-cloud-starter\4.2.0\spring-cloud-starter-4.2.0.jar;C:\Users\guest1\.m2\repository\org\springframework\cloud\spring-cloud-context\4.2.0\spring-cloud-context-4.2.0.jar;C:\Users\guest1\.m2\repository\org\springframework\security\spring-security-crypto\6.4.2\spring-security-crypto-6.4.2.jar;C:\Users\guest1\.m2\repository\org\springframework\cloud\spring-cloud-commons\4.2.0\spring-cloud-commons-4.2.0.jar;C:\Users\guest1\.m2\repository\org\bouncycastle\bcprov-jdk18on\1.78.1\bcprov-jdk18on-1.78.1.jar;C:\Users\guest1\.m2\repository\org\springframework\cloud\spring-cloud-config-client\4.2.0\spring-cloud-config-client-4.2.0.jar;C:\Users\guest1\.m2\repository\com\fasterxml\jackson\core\jackson-annotations\2.18.2\jackson-annotations-2.18.2.jar;C:\Users\guest1\.m2\repository\org\apache\httpcomponents\client5\httpclient5\5.4.1\httpclient5-5.4.1.jar;C:\Users\guest1\.m2\repository\org\apache\httpcomponents\core5\httpcore5\5.3.2\httpcore5-5.3.2.jar;C:\Users\guest1\.m2\repository\org\apache\httpcomponents\core5\httpcore5-h2\5.3.2\httpcore5-h2-5.3.2.jar;C:\Users\guest1\.m2\repository\com\fasterxml\jackson\core\jackson-databind\2.18.2\jackson-databind-2.18.2.jar;C:\Users\guest1\.m2\repository\com\fasterxml\jackson\core\jackson-core\2.18.2\jackson-core-2.18.2.jar;C:\Users\guest1\.m2\repository\org\springframework\cloud\spring-cloud-starter-bus-amqp\4.2.0\spring-cloud-starter-bus-amqp-4.2.0.jar;C:\Users\guest1\.m2\repository\org\springframework\cloud\spring-cloud-starter-stream-rabbit\4.2.0\spring-cloud-starter-stream-rabbit-4.2.0.jar;C:\Users\guest1\.m2\repository\org\springframework\cloud\spring-cloud-stream-binder-rabbit\4.2.0\spring-cloud-stream-binder-rabbit-4.2.0.jar;C:\Users\guest1\.m2\repository\org\springframework\cloud\spring-cloud-stream-binder-rabbit-core\4.2.0\spring-cloud-stream-binder-rabbit-core-4.2.0.jar;C:\Users\guest1\.m2\repository\org\springframework\boot\spring-boot-starter-webflux\3.4.2\spring-boot-starter-webflux-3.4.2.jar;C:\Users\guest1\.m2\repository\org\springframework\boot\spring-boot-starter-reactor-netty\3.4.2\spring-boot-starter-reactor-netty-3.4.2.jar;C:\Users\guest1\.m2\repository\org\springframework\spring-webflux\6.2.2\spring-webflux-6.2.2.jar;C:\Users\guest1\.m2\repository\io\projectreactor\netty\reactor-netty\1.2.2\reactor-netty-1.2.2.jar;C:\Users\guest1\.m2\repository\io\projectreactor\netty\reactor-netty-core\1.2.2\reactor-netty-core-1.2.2.jar;C:\Users\guest1\.m2\repository\io\netty\netty-handler\4.1.117.Final\netty-handler-4.1.117.Final.jar;C:\Users\guest1\.m2\repository\io\netty\netty-common\4.1.117.Final\netty-common-4.1.117.Final.jar;C:\Users\guest1\.m2\repository\io\netty\netty-resolver\4.1.117.Final\netty-resolver-4.1.117.Final.jar;C:\Users\guest1\.m2\repository\io\netty\netty-buffer\4.1.117.Final\netty-buffer-4.1.117.Final.jar;C:\Users\guest1\.m2\repository\io\netty\netty-transport\4.1.117.Final\netty-transport-4.1.117.Final.jar;C:\Users\guest1\.m2\repository\io\netty\netty-transport-native-unix-common\4.1.117.Final\netty-transport-native-unix-common-4.1.117.Final.jar;C:\Users\guest1\.m2\repository\io\netty\netty-codec\4.1.117.Final\netty-codec-4.1.117.Final.jar;C:\Users\guest1\.m2\repository\io\netty\netty-handler-proxy\4.1.117.Final\netty-handler-proxy-4.1.117.Final.jar;C:\Users\guest1\.m2\repository\io\netty\netty-codec-socks\4.1.117.Final\netty-codec-socks-4.1.117.Final.jar;C:\Users\guest1\.m2\repository\io\netty\netty-resolver-dns\4.1.117.Final\netty-resolver-dns-4.1.117.Final.jar;C:\Users\guest1\.m2\repository\io\netty\netty-codec-dns\4.1.117.Final\netty-codec-dns-4.1.117.Final.jar;C:\Users\guest1\.m2\repository\io\netty\netty-resolver-dns-native-macos\4.1.117.Final\netty-resolver-dns-native-macos-4.1.117.Final-osx-x86_64.jar;C:\Users\guest1\.m2\repository\io\netty\netty-resolver-dns-classes-macos\4.1.117.Final\netty-resolver-dns-classes-macos-4.1.117.Final.jar;C:\Users\guest1\.m2\repository\io\netty\netty-transport-native-epoll\4.1.117.Final\netty-transport-native-epoll-4.1.117.Final-linux-x86_64.jar;C:\Users\guest1\.m2\repository\io\netty\netty-transport-classes-epoll\4.1.117.Final\netty-transport-classes-epoll-4.1.117.Final.jar;C:\Users\guest1\.m2\repository\io\projectreactor\netty\reactor-netty-http\1.2.2\reactor-netty-http-1.2.2.jar;C:\Users\guest1\.m2\repository\io\netty\netty-codec-http\4.1.117.Final\netty-codec-http-4.1.117.Final.jar;C:\Users\guest1\.m2\repository\io\netty\netty-codec-http2\4.1.117.Final\netty-codec-http2-4.1.117.Final.jar;C:\Users\guest1\.m2\repository\io\projectreactor\netty\incubator\reactor-netty-incubator-quic\0.2.2\reactor-netty-incubator-quic-0.2.2.jar;C:\Users\guest1\.m2\repository\io\netty\incubator\netty-incubator-codec-native-quic\0.0.70.Final\netty-incubator-codec-native-quic-0.0.70.Final-linux-x86_64.jar;C:\Users\guest1\.m2\repository\io\netty\incubator\netty-incubator-codec-classes-quic\0.0.70.Final\netty-incubator-codec-classes-quic-0.0.70.Final.jar;C:\Users\guest1\.m2\repository\org\springframework\cloud\spring-cloud-stream\4.2.0\spring-cloud-stream-4.2.0.jar;C:\Users\guest1\.m2\repository\org\springframework\cloud\spring-cloud-function-context\4.2.0\spring-cloud-function-context-4.2.0.jar;C:\Users\guest1\.m2\repository\org\springframework\cloud\spring-cloud-function-core\4.2.0\spring-cloud-function-core-4.2.0.jar;C:\Users\guest1\.m2\repository\org\springframework\boot\spring-boot-starter-amqp\3.4.2\spring-boot-starter-amqp-3.4.2.jar;C:\Users\guest1\.m2\repository\org\springframework\amqp\spring-rabbit\3.2.2\spring-rabbit-3.2.2.jar;C:\Users\guest1\.m2\repository\org\springframework\amqp\spring-amqp\3.2.2\spring-amqp-3.2.2.jar;C:\Users\guest1\.m2\repository\com\rabbitmq\amqp-client\5.22.0\amqp-client-5.22.0.jar;C:\Users\guest1\.m2\repository\org\springframework\integration\spring-integration-amqp\6.4.1\spring-integration-amqp-6.4.1.jar;C:\Users\guest1\.m2\repository\org\springframework\integration\spring-integration-jmx\6.4.1\spring-integration-jmx-6.4.1.jar;C:\Users\guest1\.m2\repository\org\apache\httpcomponents\httpclient\4.5.14\httpclient-4.5.14.jar;C:\Users\guest1\.m2\repository\org\apache\httpcomponents\httpcore\4.4.16\httpcore-4.4.16.jar;C:\Users\guest1\.m2\repository\commons-logging\commons-logging\1.2\commons-logging-1.2.jar;C:\Users\guest1\.m2\repository\commons-codec\commons-codec\1.17.2\commons-codec-1.17.2.jar;C:\Users\guest1\.m2\repository\org\springframework\cloud\spring-cloud-bus\4.2.0\spring-cloud-bus-4.2.0.jar;C:\Users\guest1\.m2\repository\org\springframework\integration\spring-integration-core\6.4.1\spring-integration-core-6.4.1.jar;C:\Users\guest1\.m2\repository\org\springframework\spring-messaging\6.2.2\spring-messaging-6.2.2.jar;C:\Users\guest1\.m2\repository\org\springframework\retry\spring-retry\2.0.11\spring-retry-2.0.11.jar;C:\Users\guest1\.m2\repository\io\projectreactor\reactor-core\3.7.2\reactor-core-3.7.2.jar;C:\Users\guest1\.m2\repository\org\reactivestreams\reactive-streams\1.0.4\reactive-streams-1.0.4.jar;C:\Users\guest1\.m2\repository\org\springframework\boot\spring-boot-devtools\3.4.2\spring-boot-devtools-3.4.2.jar;C:\Users\guest1\.m2\repository\org\springframework\boot\spring-boot\3.4.2\spring-boot-3.4.2.jar;C:\Users\guest1\.m2\repository\org\springframework\boot\spring-boot-autoconfigure\3.4.2\spring-boot-autoconfigure-3.4.2.jar;C:\Users\guest1\.m2\repository\com\h2database\h2\2.3.232\h2-2.3.232.jar;C:\Users\guest1\.m2\repository\org\projectlombok\lombok\1.18.36\lombok-1.18.36.jar;C:\Users\guest1\.m2\repository\org\springdoc\springdoc-openapi-starter-webmvc-ui\2.8.4\springdoc-openapi-starter-webmvc-ui-2.8.4.jar;C:\Users\guest1\.m2\repository\org\springdoc\springdoc-openapi-starter-webmvc-api\2.8.4\springdoc-openapi-starter-webmvc-api-2.8.4.jar;C:\Users\guest1\.m2\repository\org\springdoc\springdoc-openapi-starter-common\2.8.4\springdoc-openapi-starter-common-2.8.4.jar;C:\Users\guest1\.m2\repository\io\swagger\core\v3\swagger-core-jakarta\2.2.28\swagger-core-jakarta-2.2.28.jar;C:\Users\guest1\.m2\repository\org\apache\commons\commons-lang3\3.17.0\commons-lang3-3.17.0.jar;C:\Users\guest1\.m2\repository\io\swagger\core\v3\swagger-annotations-jakarta\2.2.28\swagger-annotations-jakarta-2.2.28.jar;C:\Users\guest1\.m2\repository\io\swagger\core\v3\swagger-models-jakarta\2.2.28\swagger-models-jakarta-2.2.28.jar;C:\Users\guest1\.m2\repository\com\fasterxml\jackson\dataformat\jackson-dataformat-yaml\2.18.2\jackson-dataformat-yaml-2.18.2.jar;C:\Users\guest1\.m2\repository\org\webjars\swagger-ui\5.18.2\swagger-ui-5.18.2.jar;C:\Users\guest1\.m2\repository\org\webjars\webjars-locator-lite\1.0.1\webjars-locator-lite-1.0.1.jar;C:\Users\guest1\.m2\repository\org\jspecify\jspecify\1.0.0\jspecify-1.0.0.jar;C:\Users\guest1\.m2\repository\org\springframework\boot\spring-boot-starter-test\3.4.2\spring-boot-starter-test-3.4.2.jar;C:\Users\guest1\.m2\repository\org\springframework\boot\spring-boot-test\3.4.2\spring-boot-test-3.4.2.jar;C:\Users\guest1\.m2\repository\org\springframework\boot\spring-boot-test-autoconfigure\3.4.2\spring-boot-test-autoconfigure-3.4.2.jar;C:\Users\guest1\.m2\repository\com\jayway\jsonpath\json-path\2.9.0\json-path-2.9.0.jar;C:\Users\guest1\.m2\repository\jakarta\xml\bind\jakarta.xml.bind-api\4.0.2\jakarta.xml.bind-api-4.0.2.jar;C:\Users\guest1\.m2\repository\jakarta\activation\jakarta.activation-api\2.1.3\jakarta.activation-api-2.1.3.jar;C:\Users\guest1\.m2\repository\net\minidev\json-smart\2.5.1\json-smart-2.5.1.jar;C:\Users\guest1\.m2\repository\net\minidev\accessors-smart\2.5.1\accessors-smart-2.5.1.jar;C:\Users\guest1\.m2\repository\org\ow2\asm\asm\9.6\asm-9.6.jar;C:\Users\guest1\.m2\repository\org\assertj\assertj-core\3.26.3\assertj-core-3.26.3.jar;C:\Users\guest1\.m2\repository\org\awaitility\awaitility\4.2.2\awaitility-4.2.2.jar;C:\Users\guest1\.m2\repository\org\hamcrest\hamcrest\2.2\hamcrest-2.2.jar;C:\Users\guest1\.m2\repository\org\junit\jupiter\junit-jupiter\5.11.4\junit-jupiter-5.11.4.jar;C:\Users\guest1\.m2\repository\org\junit\jupiter\junit-jupiter-api\5.11.4\junit-jupiter-api-5.11.4.jar;C:\Users\guest1\.m2\repository\org\opentest4j\opentest4j\1.3.0\opentest4j-1.3.0.jar;C:\Users\guest1\.m2\repository\org\junit\platform\junit-platform-commons\1.11.4\junit-platform-commons-1.11.4.jar;C:\Users\guest1\.m2\repository\org\apiguardian\apiguardian-api\1.1.2\apiguardian-api-1.1.2.jar;C:\Users\guest1\.m2\repository\org\junit\jupiter\junit-jupiter-params\5.11.4\junit-jupiter-params-5.11.4.jar;C:\Users\guest1\.m2\repository\org\junit\jupiter\junit-jupiter-engine\5.11.4\junit-jupiter-engine-5.11.4.jar;C:\Users\guest1\.m2\repository\org\junit\platform\junit-platform-engine\1.11.4\junit-platform-engine-1.11.4.jar;C:\Users\guest1\.m2\repository\org\mockito\mockito-core\5.14.2\mockito-core-5.14.2.jar;C:\Users\guest1\.m2\repository\net\bytebuddy\byte-buddy-agent\1.15.11\byte-buddy-agent-1.15.11.jar;C:\Users\guest1\.m2\repository\org\objenesis\objenesis\3.3\objenesis-3.3.jar;C:\Users\guest1\.m2\repository\org\mockito\mockito-junit-jupiter\5.14.2\mockito-junit-jupiter-5.14.2.jar;C:\Users\guest1\.m2\repository\org\skyscreamer\jsonassert\1.5.3\jsonassert-1.5.3.jar;C:\Users\guest1\.m2\repository\com\vaadin\external\google\android-json\0.0.20131108.vaadin1\android-json-0.0.20131108.vaadin1.jar;C:\Users\guest1\.m2\repository\org\springframework\spring-core\6.2.2\spring-core-6.2.2.jar;C:\Users\guest1\.m2\repository\org\springframework\spring-jcl\6.2.2\spring-jcl-6.2.2.jar;C:\Users\guest1\.m2\repository\org\springframework\spring-test\6.2.2\spring-test-6.2.2.jar;C:\Users\guest1\.m2\repository\org\xmlunit\xmlunit-core\2.10.0\xmlunit-core-2.10.0.jar;"/>
    <property name="java.vm.vendor" value="Oracle Corporation"/>
    <property name="sun.arch.data.model" value="64"/>
    <property name="user.variant" value=""/>
    <property name="java.vendor.url" value="https://java.oracle.com/"/>
    <property name="user.timezone" value="America/Los_Angeles"/>
    <property name="org.jboss.logging.provider" value="slf4j"/>
    <property name="os.name" value="Windows 10"/>
    <property name="java.vm.specification.version" value="23"/>
    <property name="APPLICATION_NAME" value="loans"/>
    <property name="sun.java.launcher" value="SUN_STANDARD"/>
    <property name="user.country" value="US"/>
    <property name="sun.boot.library.path" value="C:\Program Files\Java\jdk-23\bin"/>
    <property name="sun.java.command" value="C:\Users\guest1\AppData\Local\Temp\surefire11481191041750124929\surefirebooter-20250211201422772_3.jar C:\Users\guest1\AppData\Local\Temp\surefire11481191041750124929 2025-02-11T20-14-21_606-jvmRun1 surefire-20250211201422772_1tmp surefire_0-20250211201422772_2tmp"/>
    <property name="jdk.debug" value="release"/>
    <property name="surefire.test.class.path" value="D:\Intellij_Projects\Microservices\section2\loans\target\test-classes;D:\Intellij_Projects\Microservices\section2\loans\target\classes;C:\Users\guest1\.m2\repository\org\springframework\boot\spring-boot-starter-actuator\3.4.2\spring-boot-starter-actuator-3.4.2.jar;C:\Users\guest1\.m2\repository\org\springframework\boot\spring-boot-starter\3.4.2\spring-boot-starter-3.4.2.jar;C:\Users\guest1\.m2\repository\org\springframework\boot\spring-boot-starter-logging\3.4.2\spring-boot-starter-logging-3.4.2.jar;C:\Users\guest1\.m2\repository\ch\qos\logback\logback-classic\1.5.16\logback-classic-1.5.16.jar;C:\Users\guest1\.m2\repository\ch\qos\logback\logback-core\1.5.16\logback-core-1.5.16.jar;C:\Users\guest1\.m2\repository\org\apache\logging\log4j\log4j-to-slf4j\2.24.3\log4j-to-slf4j-2.24.3.jar;C:\Users\guest1\.m2\repository\org\apache\logging\log4j\log4j-api\2.24.3\log4j-api-2.24.3.jar;C:\Users\guest1\.m2\repository\org\slf4j\jul-to-slf4j\2.0.16\jul-to-slf4j-2.0.16.jar;C:\Users\guest1\.m2\repository\jakarta\annotation\jakarta.annotation-api\2.1.1\jakarta.annotation-api-2.1.1.jar;C:\Users\guest1\.m2\repository\org\yaml\snakeyaml\2.3\snakeyaml-2.3.jar;C:\Users\guest1\.m2\repository\org\springframework\boot\spring-boot-actuator-autoconfigure\3.4.2\spring-boot-actuator-autoconfigure-3.4.2.jar;C:\Users\guest1\.m2\repository\org\springframework\boot\spring-boot-actuator\3.4.2\spring-boot-actuator-3.4.2.jar;C:\Users\guest1\.m2\repository\com\fasterxml\jackson\datatype\jackson-datatype-jsr310\2.18.2\jackson-datatype-jsr310-2.18.2.jar;C:\Users\guest1\.m2\repository\io\micrometer\micrometer-observation\1.14.3\micrometer-observation-1.14.3.jar;C:\Users\guest1\.m2\repository\io\micrometer\micrometer-commons\1.14.3\micrometer-commons-1.14.3.jar;C:\Users\guest1\.m2\repository\io\micrometer\micrometer-jakarta9\1.14.3\micrometer-jakarta9-1.14.3.jar;C:\Users\guest1\.m2\repository\io\micrometer\micrometer-core\1.14.3\micrometer-core-1.14.3.jar;C:\Users\guest1\.m2\repository\org\hdrhistogram\HdrHistogram\2.2.2\HdrHistogram-2.2.2.jar;C:\Users\guest1\.m2\repository\org\latencyutils\LatencyUtils\2.0.3\LatencyUtils-2.0.3.jar;C:\Users\guest1\.m2\repository\org\springframework\boot\spring-boot-starter-data-jpa\3.4.2\spring-boot-starter-data-jpa-3.4.2.jar;C:\Users\guest1\.m2\repository\org\springframework\boot\spring-boot-starter-jdbc\3.4.2\spring-boot-starter-jdbc-3.4.2.jar;C:\Users\guest1\.m2\repository\com\zaxxer\HikariCP\5.1.0\HikariCP-5.1.0.jar;C:\Users\guest1\.m2\repository\org\springframework\spring-jdbc\6.2.2\spring-jdbc-6.2.2.jar;C:\Users\guest1\.m2\repository\org\hibernate\orm\hibernate-core\6.6.5.Final\hibernate-core-6.6.5.Final.jar;C:\Users\guest1\.m2\repository\jakarta\persistence\jakarta.persistence-api\3.1.0\jakarta.persistence-api-3.1.0.jar;C:\Users\guest1\.m2\repository\jakarta\transaction\jakarta.transaction-api\2.0.1\jakarta.transaction-api-2.0.1.jar;C:\Users\guest1\.m2\repository\org\jboss\logging\jboss-logging\3.6.1.Final\jboss-logging-3.6.1.Final.jar;C:\Users\guest1\.m2\repository\org\hibernate\common\hibernate-commons-annotations\7.0.3.Final\hibernate-commons-annotations-7.0.3.Final.jar;C:\Users\guest1\.m2\repository\io\smallrye\jandex\3.2.0\jandex-3.2.0.jar;C:\Users\guest1\.m2\repository\com\fasterxml\classmate\1.7.0\classmate-1.7.0.jar;C:\Users\guest1\.m2\repository\net\bytebuddy\byte-buddy\1.15.11\byte-buddy-1.15.11.jar;C:\Users\guest1\.m2\repository\org\glassfish\jaxb\jaxb-runtime\4.0.5\jaxb-runtime-4.0.5.jar;C:\Users\guest1\.m2\repository\org\glassfish\jaxb\jaxb-core\4.0.5\jaxb-core-4.0.5.jar;C:\Users\guest1\.m2\repository\org\eclipse\angus\angus-activation\2.0.2\angus-activation-2.0.2.jar;C:\Users\guest1\.m2\repository\org\glassfish\jaxb\txw2\4.0.5\txw2-4.0.5.jar;C:\Users\guest1\.m2\repository\com\sun\istack\istack-commons-runtime\4.1.2\istack-commons-runtime-4.1.2.jar;C:\Users\guest1\.m2\repository\jakarta\inject\jakarta.inject-api\2.0.1\jakarta.inject-api-2.0.1.jar;C:\Users\guest1\.m2\repository\org\antlr\antlr4-runtime\4.13.0\antlr4-runtime-4.13.0.jar;C:\Users\guest1\.m2\repository\org\springframework\data\spring-data-jpa\3.4.2\spring-data-jpa-3.4.2.jar;C:\Users\guest1\.m2\repository\org\springframework\data\spring-data-commons\3.4.2\spring-data-commons-3.4.2.jar;C:\Users\guest1\.m2\repository\org\springframework\spring-orm\6.2.2\spring-orm-6.2.2.jar;C:\Users\guest1\.m2\repository\org\springframework\spring-context\6.2.2\spring-context-6.2.2.jar;C:\Users\guest1\.m2\repository\org\springframework\spring-aop\6.2.2\spring-aop-6.2.2.jar;C:\Users\guest1\.m2\repository\org\springframework\spring-tx\6.2.2\spring-tx-6.2.2.jar;C:\Users\guest1\.m2\repository\org\springframework\spring-beans\6.2.2\spring-beans-6.2.2.jar;C:\Users\guest1\.m2\repository\org\slf4j\slf4j-api\2.0.16\slf4j-api-2.0.16.jar;C:\Users\guest1\.m2\repository\org\springframework\spring-aspects\6.2.2\spring-aspects-6.2.2.jar;C:\Users\guest1\.m2\repository\org\aspectj\aspectjweaver\1.9.22.1\aspectjweaver-1.9.22.1.jar;C:\Users\guest1\.m2\repository\org\springframework\boot\spring-boot-starter-validation\3.4.2\spring-boot-starter-validation-3.4.2.jar;C:\Users\guest1\.m2\repository\org\apache\tomcat\embed\tomcat-embed-el\10.1.34\tomcat-embed-el-10.1.34.jar;C:\Users\guest1\.m2\repository\org\hibernate\validator\hibernate-validator\8.0.2.Final\hibernate-validator-8.0.2.Final.jar;C:\Users\guest1\.m2\repository\jakarta\validation\jakarta.validation-api\3.0.2\jakarta.validation-api-3.0.2.jar;C:\Users\guest1\.m2\repository\org\springframework\boot\spring-boot-starter-web\3.4.2\spring-boot-starter-web-3.4.2.jar;C:\Users\guest1\.m2\repository\org\springframework\boot\spring-boot-starter-json\3.4.2\spring-boot-starter-json-3.4.2.jar;C:\Users\guest1\.m2\repository\com\fasterxml\jackson\datatype\jackson-datatype-jdk8\2.18.2\jackson-datatype-jdk8-2.18.2.jar;C:\Users\guest1\.m2\repository\com\fasterxml\jackson\module\jackson-module-parameter-names\2.18.2\jackson-module-parameter-names-2.18.2.jar;C:\Users\guest1\.m2\repository\org\springframework\boot\spring-boot-starter-tomcat\3.4.2\spring-boot-starter-tomcat-3.4.2.jar;C:\Users\guest1\.m2\repository\org\apache\tomcat\embed\tomcat-embed-core\10.1.34\tomcat-embed-core-10.1.34.jar;C:\Users\guest1\.m2\repository\org\apache\tomcat\embed\tomcat-embed-websocket\10.1.34\tomcat-embed-websocket-10.1.34.jar;C:\Users\guest1\.m2\repository\org\springframework\spring-web\6.2.2\spring-web-6.2.2.jar;C:\Users\guest1\.m2\repository\org\springframework\spring-webmvc\6.2.2\spring-webmvc-6.2.2.jar;C:\Users\guest1\.m2\repository\org\springframework\spring-expression\6.2.2\spring-expression-6.2.2.jar;C:\Users\guest1\.m2\repository\org\springframework\cloud\spring-cloud-starter-config\4.2.0\spring-cloud-starter-config-4.2.0.jar;C:\Users\guest1\.m2\repository\org\springframework\cloud\spring-cloud-starter\4.2.0\spring-cloud-starter-4.2.0.jar;C:\Users\guest1\.m2\repository\org\springframework\cloud\spring-cloud-context\4.2.0\spring-cloud-context-4.2.0.jar;C:\Users\guest1\.m2\repository\org\springframework\security\spring-security-crypto\6.4.2\spring-security-crypto-6.4.2.jar;C:\Users\guest1\.m2\repository\org\springframework\cloud\spring-cloud-commons\4.2.0\spring-cloud-commons-4.2.0.jar;C:\Users\guest1\.m2\repository\org\bouncycastle\bcprov-jdk18on\1.78.1\bcprov-jdk18on-1.78.1.jar;C:\Users\guest1\.m2\repository\org\springframework\cloud\spring-cloud-config-client\4.2.0\spring-cloud-config-client-4.2.0.jar;C:\Users\guest1\.m2\repository\com\fasterxml\jackson\core\jackson-annotations\2.18.2\jackson-annotations-2.18.2.jar;C:\Users\guest1\.m2\repository\org\apache\httpcomponents\client5\httpclient5\5.4.1\httpclient5-5.4.1.jar;C:\Users\guest1\.m2\repository\org\apache\httpcomponents\core5\httpcore5\5.3.2\httpcore5-5.3.2.jar;C:\Users\guest1\.m2\repository\org\apache\httpcomponents\core5\httpcore5-h2\5.3.2\httpcore5-h2-5.3.2.jar;C:\Users\guest1\.m2\repository\com\fasterxml\jackson\core\jackson-databind\2.18.2\jackson-databind-2.18.2.jar;C:\Users\guest1\.m2\repository\com\fasterxml\jackson\core\jackson-core\2.18.2\jackson-core-2.18.2.jar;C:\Users\guest1\.m2\repository\org\springframework\cloud\spring-cloud-starter-bus-amqp\4.2.0\spring-cloud-starter-bus-amqp-4.2.0.jar;C:\Users\guest1\.m2\repository\org\springframework\cloud\spring-cloud-starter-stream-rabbit\4.2.0\spring-cloud-starter-stream-rabbit-4.2.0.jar;C:\Users\guest1\.m2\repository\org\springframework\cloud\spring-cloud-stream-binder-rabbit\4.2.0\spring-cloud-stream-binder-rabbit-4.2.0.jar;C:\Users\guest1\.m2\repository\org\springframework\cloud\spring-cloud-stream-binder-rabbit-core\4.2.0\spring-cloud-stream-binder-rabbit-core-4.2.0.jar;C:\Users\guest1\.m2\repository\org\springframework\boot\spring-boot-starter-webflux\3.4.2\spring-boot-starter-webflux-3.4.2.jar;C:\Users\guest1\.m2\repository\org\springframework\boot\spring-boot-starter-reactor-netty\3.4.2\spring-boot-starter-reactor-netty-3.4.2.jar;C:\Users\guest1\.m2\repository\org\springframework\spring-webflux\6.2.2\spring-webflux-6.2.2.jar;C:\Users\guest1\.m2\repository\io\projectreactor\netty\reactor-netty\1.2.2\reactor-netty-1.2.2.jar;C:\Users\guest1\.m2\repository\io\projectreactor\netty\reactor-netty-core\1.2.2\reactor-netty-core-1.2.2.jar;C:\Users\guest1\.m2\repository\io\netty\netty-handler\4.1.117.Final\netty-handler-4.1.117.Final.jar;C:\Users\guest1\.m2\repository\io\netty\netty-common\4.1.117.Final\netty-common-4.1.117.Final.jar;C:\Users\guest1\.m2\repository\io\netty\netty-resolver\4.1.117.Final\netty-resolver-4.1.117.Final.jar;C:\Users\guest1\.m2\repository\io\netty\netty-buffer\4.1.117.Final\netty-buffer-4.1.117.Final.jar;C:\Users\guest1\.m2\repository\io\netty\netty-transport\4.1.117.Final\netty-transport-4.1.117.Final.jar;C:\Users\guest1\.m2\repository\io\netty\netty-transport-native-unix-common\4.1.117.Final\netty-transport-native-unix-common-4.1.117.Final.jar;C:\Users\guest1\.m2\repository\io\netty\netty-codec\4.1.117.Final\netty-codec-4.1.117.Final.jar;C:\Users\guest1\.m2\repository\io\netty\netty-handler-proxy\4.1.117.Final\netty-handler-proxy-4.1.117.Final.jar;C:\Users\guest1\.m2\repository\io\netty\netty-codec-socks\4.1.117.Final\netty-codec-socks-4.1.117.Final.jar;C:\Users\guest1\.m2\repository\io\netty\netty-resolver-dns\4.1.117.Final\netty-resolver-dns-4.1.117.Final.jar;C:\Users\guest1\.m2\repository\io\netty\netty-codec-dns\4.1.117.Final\netty-codec-dns-4.1.117.Final.jar;C:\Users\guest1\.m2\repository\io\netty\netty-resolver-dns-native-macos\4.1.117.Final\netty-resolver-dns-native-macos-4.1.117.Final-osx-x86_64.jar;C:\Users\guest1\.m2\repository\io\netty\netty-resolver-dns-classes-macos\4.1.117.Final\netty-resolver-dns-classes-macos-4.1.117.Final.jar;C:\Users\guest1\.m2\repository\io\netty\netty-transport-native-epoll\4.1.117.Final\netty-transport-native-epoll-4.1.117.Final-linux-x86_64.jar;C:\Users\guest1\.m2\repository\io\netty\netty-transport-classes-epoll\4.1.117.Final\netty-transport-classes-epoll-4.1.117.Final.jar;C:\Users\guest1\.m2\repository\io\projectreactor\netty\reactor-netty-http\1.2.2\reactor-netty-http-1.2.2.jar;C:\Users\guest1\.m2\repository\io\netty\netty-codec-http\4.1.117.Final\netty-codec-http-4.1.117.Final.jar;C:\Users\guest1\.m2\repository\io\netty\netty-codec-http2\4.1.117.Final\netty-codec-http2-4.1.117.Final.jar;C:\Users\guest1\.m2\repository\io\projectreactor\netty\incubator\reactor-netty-incubator-quic\0.2.2\reactor-netty-incubator-quic-0.2.2.jar;C:\Users\guest1\.m2\repository\io\netty\incubator\netty-incubator-codec-native-quic\0.0.70.Final\netty-incubator-codec-native-quic-0.0.70.Final-linux-x86_64.jar;C:\Users\guest1\.m2\repository\io\netty\incubator\netty-incubator-codec-classes-quic\0.0.70.Final\netty-incubator-codec-classes-quic-0.0.70.Final.jar;C:\Users\guest1\.m2\repository\org\springframework\cloud\spring-cloud-stream\4.2.0\spring-cloud-stream-4.2.0.jar;C:\Users\guest1\.m2\repository\org\springframework\cloud\spring-cloud-function-context\4.2.0\spring-cloud-function-context-4.2.0.jar;C:\Users\guest1\.m2\repository\org\springframework\cloud\spring-cloud-function-core\4.2.0\spring-cloud-function-core-4.2.0.jar;C:\Users\guest1\.m2\repository\org\springframework\boot\spring-boot-starter-amqp\3.4.2\spring-boot-starter-amqp-3.4.2.jar;C:\Users\guest1\.m2\repository\org\springframework\amqp\spring-rabbit\3.2.2\spring-rabbit-3.2.2.jar;C:\Users\guest1\.m2\repository\org\springframework\amqp\spring-amqp\3.2.2\spring-amqp-3.2.2.jar;C:\Users\guest1\.m2\repository\com\rabbitmq\amqp-client\5.22.0\amqp-client-5.22.0.jar;C:\Users\guest1\.m2\repository\org\springframework\integration\spring-integration-amqp\6.4.1\spring-integration-amqp-6.4.1.jar;C:\Users\guest1\.m2\repository\org\springframework\integration\spring-integration-jmx\6.4.1\spring-integration-jmx-6.4.1.jar;C:\Users\guest1\.m2\repository\org\apache\httpcomponents\httpclient\4.5.14\httpclient-4.5.14.jar;C:\Users\guest1\.m2\repository\org\apache\httpcomponents\httpcore\4.4.16\httpcore-4.4.16.jar;C:\Users\guest1\.m2\repository\commons-logging\commons-logging\1.2\commons-logging-1.2.jar;C:\Users\guest1\.m2\repository\commons-codec\commons-codec\1.17.2\commons-codec-1.17.2.jar;C:\Users\guest1\.m2\repository\org\springframework\cloud\spring-cloud-bus\4.2.0\spring-cloud-bus-4.2.0.jar;C:\Users\guest1\.m2\repository\org\springframework\integration\spring-integration-core\6.4.1\spring-integration-core-6.4.1.jar;C:\Users\guest1\.m2\repository\org\springframework\spring-messaging\6.2.2\spring-messaging-6.2.2.jar;C:\Users\guest1\.m2\repository\org\springframework\retry\spring-retry\2.0.11\spring-retry-2.0.11.jar;C:\Users\guest1\.m2\repository\io\projectreactor\reactor-core\3.7.2\reactor-core-3.7.2.jar;C:\Users\guest1\.m2\repository\org\reactivestreams\reactive-streams\1.0.4\reactive-streams-1.0.4.jar;C:\Users\guest1\.m2\repository\org\springframework\boot\spring-boot-devtools\3.4.2\spring-boot-devtools-3.4.2.jar;C:\Users\guest1\.m2\repository\org\springframework\boot\spring-boot\3.4.2\spring-boot-3.4.2.jar;C:\Users\guest1\.m2\repository\org\springframework\boot\spring-boot-autoconfigure\3.4.2\spring-boot-autoconfigure-3.4.2.jar;C:\Users\guest1\.m2\repository\com\h2database\h2\2.3.232\h2-2.3.232.jar;C:\Users\guest1\.m2\repository\org\projectlombok\lombok\1.18.36\lombok-1.18.36.jar;C:\Users\guest1\.m2\repository\org\springdoc\springdoc-openapi-starter-webmvc-ui\2.8.4\springdoc-openapi-starter-webmvc-ui-2.8.4.jar;C:\Users\guest1\.m2\repository\org\springdoc\springdoc-openapi-starter-webmvc-api\2.8.4\springdoc-openapi-starter-webmvc-api-2.8.4.jar;C:\Users\guest1\.m2\repository\org\springdoc\springdoc-openapi-starter-common\2.8.4\springdoc-openapi-starter-common-2.8.4.jar;C:\Users\guest1\.m2\repository\io\swagger\core\v3\swagger-core-jakarta\2.2.28\swagger-core-jakarta-2.2.28.jar;C:\Users\guest1\.m2\repository\org\apache\commons\commons-lang3\3.17.0\commons-lang3-3.17.0.jar;C:\Users\guest1\.m2\repository\io\swagger\core\v3\swagger-annotations-jakarta\2.2.28\swagger-annotations-jakarta-2.2.28.jar;C:\Users\guest1\.m2\repository\io\swagger\core\v3\swagger-models-jakarta\2.2.28\swagger-models-jakarta-2.2.28.jar;C:\Users\guest1\.m2\repository\com\fasterxml\jackson\dataformat\jackson-dataformat-yaml\2.18.2\jackson-dataformat-yaml-2.18.2.jar;C:\Users\guest1\.m2\repository\org\webjars\swagger-ui\5.18.2\swagger-ui-5.18.2.jar;C:\Users\guest1\.m2\repository\org\webjars\webjars-locator-lite\1.0.1\webjars-locator-lite-1.0.1.jar;C:\Users\guest1\.m2\repository\org\jspecify\jspecify\1.0.0\jspecify-1.0.0.jar;C:\Users\guest1\.m2\repository\org\springframework\boot\spring-boot-starter-test\3.4.2\spring-boot-starter-test-3.4.2.jar;C:\Users\guest1\.m2\repository\org\springframework\boot\spring-boot-test\3.4.2\spring-boot-test-3.4.2.jar;C:\Users\guest1\.m2\repository\org\springframework\boot\spring-boot-test-autoconfigure\3.4.2\spring-boot-test-autoconfigure-3.4.2.jar;C:\Users\guest1\.m2\repository\com\jayway\jsonpath\json-path\2.9.0\json-path-2.9.0.jar;C:\Users\guest1\.m2\repository\jakarta\xml\bind\jakarta.xml.bind-api\4.0.2\jakarta.xml.bind-api-4.0.2.jar;C:\Users\guest1\.m2\repository\jakarta\activation\jakarta.activation-api\2.1.3\jakarta.activation-api-2.1.3.jar;C:\Users\guest1\.m2\repository\net\minidev\json-smart\2.5.1\json-smart-2.5.1.jar;C:\Users\guest1\.m2\repository\net\minidev\accessors-smart\2.5.1\accessors-smart-2.5.1.jar;C:\Users\guest1\.m2\repository\org\ow2\asm\asm\9.6\asm-9.6.jar;C:\Users\guest1\.m2\repository\org\assertj\assertj-core\3.26.3\assertj-core-3.26.3.jar;C:\Users\guest1\.m2\repository\org\awaitility\awaitility\4.2.2\awaitility-4.2.2.jar;C:\Users\guest1\.m2\repository\org\hamcrest\hamcrest\2.2\hamcrest-2.2.jar;C:\Users\guest1\.m2\repository\org\junit\jupiter\junit-jupiter\5.11.4\junit-jupiter-5.11.4.jar;C:\Users\guest1\.m2\repository\org\junit\jupiter\junit-jupiter-api\5.11.4\junit-jupiter-api-5.11.4.jar;C:\Users\guest1\.m2\repository\org\opentest4j\opentest4j\1.3.0\opentest4j-1.3.0.jar;C:\Users\guest1\.m2\repository\org\junit\platform\junit-platform-commons\1.11.4\junit-platform-commons-1.11.4.jar;C:\Users\guest1\.m2\repository\org\apiguardian\apiguardian-api\1.1.2\apiguardian-api-1.1.2.jar;C:\Users\guest1\.m2\repository\org\junit\jupiter\junit-jupiter-params\5.11.4\junit-jupiter-params-5.11.4.jar;C:\Users\guest1\.m2\repository\org\junit\jupiter\junit-jupiter-engine\5.11.4\junit-jupiter-engine-5.11.4.jar;C:\Users\guest1\.m2\repository\org\junit\platform\junit-platform-engine\1.11.4\junit-platform-engine-1.11.4.jar;C:\Users\guest1\.m2\repository\org\mockito\mockito-core\5.14.2\mockito-core-5.14.2.jar;C:\Users\guest1\.m2\repository\net\bytebuddy\byte-buddy-agent\1.15.11\byte-buddy-agent-1.15.11.jar;C:\Users\guest1\.m2\repository\org\objenesis\objenesis\3.3\objenesis-3.3.jar;C:\Users\guest1\.m2\repository\org\mockito\mockito-junit-jupiter\5.14.2\mockito-junit-jupiter-5.14.2.jar;C:\Users\guest1\.m2\repository\org\skyscreamer\jsonassert\1.5.3\jsonassert-1.5.3.jar;C:\Users\guest1\.m2\repository\com\vaadin\external\google\android-json\0.0.20131108.vaadin1\android-json-0.0.20131108.vaadin1.jar;C:\Users\guest1\.m2\repository\org\springframework\spring-core\6.2.2\spring-core-6.2.2.jar;C:\Users\guest1\.m2\repository\org\springframework\spring-jcl\6.2.2\spring-jcl-6.2.2.jar;C:\Users\guest1\.m2\repository\org\springframework\spring-test\6.2.2\spring-test-6.2.2.jar;C:\Users\guest1\.m2\repository\org\xmlunit\xmlunit-core\2.10.0\xmlunit-core-2.10.0.jar;"/>
    <property name="sun.cpu.endian" value="little"/>
    <property name="user.home" value="C:\Users\guest1"/>
    <property name="user.language" value="en"/>
    <property name="java.specification.vendor" value="Oracle Corporation"/>
    <property name="java.version.date" value="2025-01-21"/>
    <property name="java.home" value="C:\Program Files\Java\jdk-23"/>
    <property name="file.separator" value="\"/>
    <property name="basedir" value="D:\Intellij_Projects\Microservices\section2\loans"/>
    <property name="java.vm.compressedOopsMode" value="32-bit"/>
    <property name="line.separator" value="&#10;"/>
    <property name="java.vm.specification.vendor" value="Oracle Corporation"/>
    <property name="java.specification.name" value="Java Platform API Specification"/>
    <property name="FILE_LOG_CHARSET" value="UTF-8"/>
    <property name="java.awt.headless" value="true"/>
    <property name="surefire.real.class.path" value="C:\Users\guest1\AppData\Local\Temp\surefire11481191041750124929\surefirebooter-20250211201422772_3.jar"/>
    <property name="user.script" value=""/>
    <property name="sun.management.compiler" value="HotSpot 64-Bit Tiered Compilers"/>
    <property name="java.runtime.version" value="23.0.2+7-58"/>
    <property name="user.name" value="guest1"/>
    <property name="stdout.encoding" value="Cp1252"/>
    <property name="path.separator" value=";"/>
    <property name="os.version" value="10.0"/>
    <property name="java.runtime.name" value="Java(TM) SE Runtime Environment"/>
    <property name="file.encoding" value="UTF-8"/>
    <property name="java.vm.name" value="Java HotSpot(TM) 64-Bit Server VM"/>
    <property name="localRepository" value="C:\Users\guest1\.m2\repository"/>
    <property name="java.vendor.url.bug" value="https://bugreport.java.com/bugreport/"/>
    <property name="java.io.tmpdir" value="C:\Users\guest1\AppData\Local\Temp\"/>
    <property name="com.zaxxer.hikari.pool_number" value="1"/>
    <property name="java.version" value="23.0.2"/>
    <property name="user.dir" value="D:\Intellij_Projects\Microservices\section2\loans"/>
    <property name="os.arch" value="amd64"/>
    <property name="java.vm.specification.name" value="Java Virtual Machine Specification"/>
    <property name="PID" value="18116"/>
    <property name="sun.os.patch.level" value=""/>
    <property name="CONSOLE_LOG_CHARSET" value="UTF-8"/>
    <property name="native.encoding" value="Cp1252"/>
    <property name="java.library.path" value="C:\Program Files\Java\jdk-23\bin;C:\Windows\Sun\Java\bin;C:\Windows\system32;C:\Windows;C:\Program Files\Common Files\Oracle\Java\javapath;C:\Windows\system32;C:\Windows;C:\Windows\System32\Wbem;C:\Windows\System32\WindowsPowerShell\v1.0\;C:\Windows\System32\OpenSSH\;C:\Program Files\Apache\Maven\bin;C:\Program Files\Java\jdk-23\bin;;C:\Program Files\Docker\Docker\resources\bin;C:\Users\guest1\AppData\Local\Microsoft\WindowsApps;;C:\Program Files\JetBrains\IntelliJ IDEA Community Edition 2024.3.2.2\bin;;."/>
    <property name="java.vm.info" value="mixed mode, sharing"/>
    <property name="stderr.encoding" value="Cp1252"/>
    <property name="java.vendor" value="Oracle Corporation"/>
    <property name="java.vm.version" value="23.0.2+7-58"/>
    <property name="spring.cloud.function.rsocket.enabled" value="false"/>
    <property name="sun.io.unicode.encoding" value="UnicodeLittle"/>
    <property name="java.class.version" value="67.0"/>
    <property name="LOGGED_APPLICATION_NAME" value="[loans] "/>
  </properties>
  <testcase name="contextLoads" classname="com.eazybytes.loans.LoansApplicationTests" time="8.478">
    <system-out><![CDATA[Standard Commons Logging discovery in action with spring-jcl: please remove commons-logging.jar from classpath in order to avoid potential conflicts
20:14:29.585 [main] INFO org.springframework.test.context.support.AnnotationConfigContextLoaderUtils -- Could not detect default configuration classes for test class [com.eazybytes.loans.LoansApplicationTests]: LoansApplicationTests does not declare any static, non-private, non-final, nested classes annotated with @Configuration.
20:14:30.211 [main] INFO org.springframework.boot.test.context.SpringBootTestContextBootstrapper -- Found @SpringBootConfiguration com.eazybytes.loans.LoansApplication for test class com.eazybytes.loans.LoansApplicationTests
20:14:32.563 [main] INFO org.springframework.boot.devtools.restart.RestartApplicationListener -- Restart disabled due to context in which it is running

  .   ____          _            __ _ _
 /\\ / ___'_ __ _ _(_)_ __  __ _ \ \ \ \
( ( )\___ | '_ | '_| | '_ \/ _` | \ \ \ \
 \\/  ___)| |_)| | | | | || (_| |  ) ) ) )
  '  |____| .__|_| |_|_| |_\__, | / / / /
 =========|_|==============|___/=/_/_/_/

 :: Spring Boot ::                (v3.4.2)

2025-02-11T20:14:42.635-08:00  INFO 18116 --- [loans] [           main] c.eazybytes.loans.LoansApplicationTests  : Starting LoansApplicationTests using Java 23.0.2 with PID 18116 (started by guest1 in D:\Intellij_Projects\Microservices\section2\loans)
2025-02-11T20:14:42.639-08:00  INFO 18116 --- [loans] [           main] c.eazybytes.loans.LoansApplicationTests  : The following 1 profile is active: "prod"
2025-02-11T20:14:43.008-08:00  INFO 18116 --- [loans] [           main] o.s.c.c.c.ConfigServerConfigDataLoader   : Fetching config from server at : http://localhost:8071/
2025-02-11T20:14:43.009-08:00  INFO 18116 --- [loans] [           main] o.s.c.c.c.ConfigServerConfigDataLoader   : Located environment: name=loans, profiles=[default], label=null, version=ec44142a77f127bcb5e9c98796aa8eae6f66188f, state=
2025-02-11T20:14:43.012-08:00  INFO 18116 --- [loans] [           main] o.s.c.c.c.ConfigServerConfigDataLoader   : Fetching config from server at : http://localhost:8071/
2025-02-11T20:14:43.013-08:00  INFO 18116 --- [loans] [           main] o.s.c.c.c.ConfigServerConfigDataLoader   : Located environment: name=loans, profiles=[prod], label=null, version=ec44142a77f127bcb5e9c98796aa8eae6f66188f, state=
2025-02-11T20:14:55.056-08:00  INFO 18116 --- [loans] [           main] .s.d.r.c.RepositoryConfigurationDelegate : Bootstrapping Spring Data JPA repositories in DEFAULT mode.
2025-02-11T20:14:55.725-08:00  INFO 18116 --- [loans] [           main] .s.d.r.c.RepositoryConfigurationDelegate : Finished Spring Data repository scanning in 626 ms. Found 1 JPA repository interface.
2025-02-11T20:14:56.675-08:00  INFO 18116 --- [loans] [           main] faultConfiguringBeanFactoryPostProcessor : No bean named 'errorChannel' has been explicitly defined. Therefore, a default PublishSubscribeChannel will be created.
2025-02-11T20:14:56.749-08:00  INFO 18116 --- [loans] [           main] faultConfiguringBeanFactoryPostProcessor : No bean named 'integrationHeaderChannelRegistry' has been explicitly defined. Therefore, a default DefaultHeaderChannelRegistry will be created.
2025-02-11T20:14:57.120-08:00  INFO 18116 --- [loans] [           main] o.s.cloud.context.scope.GenericScope     : BeanFactory id=c25d0ab8-6e8c-3fe2-9b9b-97b0e1b5d225
2025-02-11T20:14:59.117-08:00  INFO 18116 --- [loans] [           main] com.zaxxer.hikari.HikariDataSource       : HikariPool-1 - Starting...
2025-02-11T20:14:59.531-08:00  INFO 18116 --- [loans] [           main] com.zaxxer.hikari.pool.HikariPool        : HikariPool-1 - Added connection conn0: url=jdbc:h2:mem:testdb user=SA
2025-02-11T20:14:59.535-08:00  INFO 18116 --- [loans] [           main] com.zaxxer.hikari.HikariDataSource       : HikariPool-1 - Start completed.
2025-02-11T20:15:00.887-08:00  INFO 18116 --- [loans] [           main] o.hibernate.jpa.internal.util.LogHelper  : HHH000204: Processing PersistenceUnitInfo [name: default]
2025-02-11T20:15:01.081-08:00  INFO 18116 --- [loans] [           main] org.hibernate.Version                    : HHH000412: Hibernate ORM core version 6.6.5.Final
2025-02-11T20:15:01.206-08:00  INFO 18116 --- [loans] [           main] o.h.c.internal.RegionFactoryInitiator    : HHH000026: Second-level cache disabled
2025-02-11T20:15:02.359-08:00  INFO 18116 --- [loans] [           main] o.s.o.j.p.SpringPersistenceUnitInfo      : No LoadTimeWeaver setup: ignoring JPA class transformer
2025-02-11T20:15:02.602-08:00  WARN 18116 --- [loans] [           main] org.hibernate.orm.deprecation            : HHH90000025: H2Dialect does not need to be specified explicitly using 'hibernate.dialect' (remove the property setting and it will be selected by default)
2025-02-11T20:15:02.667-08:00  INFO 18116 --- [loans] [           main] org.hibernate.orm.connections.pooling    : HHH10001005: Database info:
	Database JDBC URL [Connecting through datasource 'HikariDataSource (HikariPool-1)']
	Database driver: undefined/unknown
	Database version: 2.3.232
	Autocommit mode: undefined/unknown
	Isolation level: undefined/unknown
	Minimum pool size: undefined/unknown
	Maximum pool size: undefined/unknown
2025-02-11T20:15:06.421-08:00  INFO 18116 --- [loans] [           main] o.h.e.t.j.p.i.JtaPlatformInitiator       : HHH000489: No JTA platform available (set 'hibernate.transaction.jta.platform' to enable JTA platform integration)
Hibernate: alter table if exists loans alter column loan_id set data type bigint
Hibernate: alter table if exists loans alter column created_at set data type timestamp(6)
Hibernate: alter table if exists loans alter column created_by set data type varchar(255)
Hibernate: alter table if exists loans alter column updated_at set data type timestamp(6)
Hibernate: alter table if exists loans alter column updated_by set data type varchar(255)
Hibernate: alter table if exists loans alter column loan_number set data type varchar(255)
Hibernate: alter table if exists loans alter column loan_type set data type varchar(255)
Hibernate: alter table if exists loans alter column mobile_number set data type varchar(255)
2025-02-11T20:15:06.948-08:00  INFO 18116 --- [loans] [           main] j.LocalContainerEntityManagerFactoryBean : Initialized JPA EntityManagerFactory for persistence unit 'default'
2025-02-11T20:15:17.030-08:00  WARN 18116 --- [loans] [           main] JpaBaseConfiguration$JpaWebConfiguration : spring.jpa.open-in-view is enabled by default. Therefore, database queries may be performed during view rendering. Explicitly configure spring.jpa.open-in-view to disable this warning
2025-02-11T20:15:25.957-08:00  INFO 18116 --- [loans] [           main] o.s.c.s.m.DirectWithAttributesChannel    : Channel 'loans.springCloudBusInput' has 1 subscriber(s).
2025-02-11T20:15:28.671-08:00  INFO 18116 --- [loans] [           main] o.s.b.a.h2.H2ConsoleAutoConfiguration    : H2 console available at '/h2-console'. Database available at 'jdbc:h2:mem:testdb'
2025-02-11T20:15:30.077-08:00  INFO 18116 --- [loans] [           main] o.s.b.a.e.web.EndpointLinksResolver      : Exposing 23 endpoints beneath base path '/actuator'
2025-02-11T20:15:31.695-08:00  INFO 18116 --- [loans] [           main] o.s.i.endpoint.EventDrivenConsumer       : Adding {logging-channel-adapter:_org.springframework.integration.errorLogger} as a subscriber to the 'errorChannel' channel
2025-02-11T20:15:31.699-08:00  INFO 18116 --- [loans] [           main] o.s.i.channel.PublishSubscribeChannel    : Channel 'loans.errorChannel' has 1 subscriber(s).
2025-02-11T20:15:31.701-08:00  INFO 18116 --- [loans] [           main] o.s.i.endpoint.EventDrivenConsumer       : started bean '_org.springframework.integration.errorLogger'
2025-02-11T20:15:31.955-08:00  INFO 18116 --- [loans] [           main] o.s.c.s.binder.DefaultBinderFactory      : Creating binder: rabbit
2025-02-11T20:15:31.955-08:00  INFO 18116 --- [loans] [           main] o.s.c.s.binder.DefaultBinderFactory      : Constructing binder child context for rabbit
2025-02-11T20:15:32.999-08:00  INFO 18116 --- [loans] [           main] o.s.c.s.binder.DefaultBinderFactory      : Caching the binder: rabbit
2025-02-11T20:15:33.263-08:00  INFO 18116 --- [loans] [           main] c.s.b.r.p.RabbitExchangeQueueProvisioner : declaring queue for inbound: springCloudBus.anonymous.jpGVSBdUS1egOxxvSqKgoA, bound to: springCloudBus
2025-02-11T20:15:33.285-08:00  INFO 18116 --- [loans] [           main] o.s.a.r.c.CachingConnectionFactory       : Attempting to connect to: [localhost:5672]
2025-02-11T20:15:33.918-08:00  INFO 18116 --- [loans] [           main] o.s.a.r.c.CachingConnectionFactory       : Created new connection: rabbitConnectionFactory#5047fc77:0/SimpleConnection@43af513c [delegate=amqp://guest@127.0.0.1:5672/, localPort=53451]
2025-02-11T20:15:34.298-08:00  INFO 18116 --- [loans] [           main] o.s.c.stream.binder.BinderErrorChannel   : Channel 'rabbit-1095872392.springCloudBusInput.errors' has 1 subscriber(s).
2025-02-11T20:15:34.302-08:00  INFO 18116 --- [loans] [           main] o.s.c.stream.binder.BinderErrorChannel   : Channel 'rabbit-1095872392.springCloudBusInput.errors' has 2 subscriber(s).
2025-02-11T20:15:34.434-08:00  INFO 18116 --- [loans] [           main] o.s.i.a.i.AmqpInboundChannelAdapter      : started bean 'inbound.springCloudBus.anonymous.jpGVSBdUS1egOxxvSqKgoA'
2025-02-11T20:15:34.972-08:00  INFO 18116 --- [loans] [           main] c.eazybytes.loans.LoansApplicationTests  : Started LoansApplicationTests in 62.479 seconds (process running for 71.41)
]]></system-out>
    <system-err><![CDATA[Mockito is currently self-attaching to enable the inline-mock-maker. This will no longer work in future releases of the JDK. Please add Mockito as an agent to your build what is described in Mockito's documentation: https://javadoc.io/doc/org.mockito/mockito-core/latest/org/mockito/Mockito.html#0.3
WARNING: A Java agent has been loaded dynamically (C:\Users\guest1\.m2\repository\net\bytebuddy\byte-buddy-agent\1.15.11\byte-buddy-agent-1.15.11.jar)
WARNING: If a serviceability tool is in use, please run with -XX:+EnableDynamicAgentLoading to hide this warning
WARNING: If a serviceability tool is not in use, please run with -Djdk.instrument.traceUsage for more information
WARNING: Dynamic loading of agents will be disallowed by default in a future release
]]></system-err>
  </testcase>
</testsuite>